2025-03-23T17:51:16.960+04:00  INFO 7012 --- [s02-04-uam-service] [main] c.c.s.S0204UAMServiceTests               : Starting S0204UAMServiceTests using Java 23.0.2 with PID 7012 (started by ram in /Users/ram/Workshop/Java/simple-services/s02-uam-service/s02-04-uam-service)
2025-03-23T17:51:16.971+04:00  INFO 7012 --- [s02-04-uam-service] [main] c.c.s.S0204UAMServiceTests               : The following 1 profile is active: "test"
2025-03-23T17:51:17.651+04:00  INFO 7012 --- [s02-04-uam-service] [main] .s.d.r.c.RepositoryConfigurationDelegate : Multiple Spring Data modules found, entering strict repository configuration mode
2025-03-23T17:51:17.652+04:00  INFO 7012 --- [s02-04-uam-service] [main] .s.d.r.c.RepositoryConfigurationDelegate : Bootstrapping Spring Data JPA repositories in DEFAULT mode.
2025-03-23T17:51:17.806+04:00  INFO 7012 --- [s02-04-uam-service] [main] .s.d.r.c.RepositoryConfigurationDelegate : Finished Spring Data repository scanning in 142 ms. Found 4 JPA repository interfaces.
2025-03-23T17:51:18.074+04:00  INFO 7012 --- [s02-04-uam-service] [main] .s.d.r.c.RepositoryConfigurationDelegate : Multiple Spring Data modules found, entering strict repository configuration mode
2025-03-23T17:51:18.076+04:00  INFO 7012 --- [s02-04-uam-service] [main] .s.d.r.c.RepositoryConfigurationDelegate : Bootstrapping Spring Data Redis repositories in DEFAULT mode.
2025-03-23T17:51:18.115+04:00  INFO 7012 --- [s02-04-uam-service] [main] .RepositoryConfigurationExtensionSupport : Spring Data Redis - Could not safely identify store assignment for repository candidate interface com.cv.s0204uamservice.repository.MenuRepository; If you want this repository to be a Redis repository, consider annotating your entities with one of these annotations: org.springframework.data.redis.core.RedisHash (preferred), or consider extending one of the following types with your repository: org.springframework.data.keyvalue.repository.KeyValueRepository
2025-03-23T17:51:18.115+04:00  INFO 7012 --- [s02-04-uam-service] [main] .RepositoryConfigurationExtensionSupport : Spring Data Redis - Could not safely identify store assignment for repository candidate interface com.cv.s0204uamservice.repository.PasswordRepository; If you want this repository to be a Redis repository, consider annotating your entities with one of these annotations: org.springframework.data.redis.core.RedisHash (preferred), or consider extending one of the following types with your repository: org.springframework.data.keyvalue.repository.KeyValueRepository
2025-03-23T17:51:18.116+04:00  INFO 7012 --- [s02-04-uam-service] [main] .RepositoryConfigurationExtensionSupport : Spring Data Redis - Could not safely identify store assignment for repository candidate interface com.cv.s0204uamservice.repository.RoleRepository; If you want this repository to be a Redis repository, consider annotating your entities with one of these annotations: org.springframework.data.redis.core.RedisHash (preferred), or consider extending one of the following types with your repository: org.springframework.data.keyvalue.repository.KeyValueRepository
2025-03-23T17:51:18.116+04:00  INFO 7012 --- [s02-04-uam-service] [main] .RepositoryConfigurationExtensionSupport : Spring Data Redis - Could not safely identify store assignment for repository candidate interface com.cv.s0204uamservice.repository.UserRepository; If you want this repository to be a Redis repository, consider annotating your entities with one of these annotations: org.springframework.data.redis.core.RedisHash (preferred), or consider extending one of the following types with your repository: org.springframework.data.keyvalue.repository.KeyValueRepository
2025-03-23T17:51:18.116+04:00  INFO 7012 --- [s02-04-uam-service] [main] .s.d.r.c.RepositoryConfigurationDelegate : Finished Spring Data repository scanning in 23 ms. Found 0 Redis repository interfaces.
2025-03-23T17:51:18.956+04:00  INFO 7012 --- [s02-04-uam-service] [main] o.hibernate.jpa.internal.util.LogHelper  : HHH000204: Processing PersistenceUnitInfo [name: default]
2025-03-23T17:51:19.018+04:00  INFO 7012 --- [s02-04-uam-service] [main] org.hibernate.Version                    : HHH000412: Hibernate ORM core version 6.6.8.Final
2025-03-23T17:51:19.053+04:00 DEBUG 7012 --- [s02-04-uam-service] [main] o.h.c.internal.RegionFactoryInitiator    : Cannot default RegionFactory based on registered strategies as `[]` RegionFactory strategies were registered
2025-03-23T17:51:19.054+04:00  INFO 7012 --- [s02-04-uam-service] [main] o.h.c.internal.RegionFactoryInitiator    : HHH000026: Second-level cache disabled
2025-03-23T17:51:19.355+04:00  INFO 7012 --- [s02-04-uam-service] [main] o.s.o.j.p.SpringPersistenceUnitInfo      : No LoadTimeWeaver setup: ignoring JPA class transformer
2025-03-23T17:51:19.393+04:00  INFO 7012 --- [s02-04-uam-service] [main] com.zaxxer.hikari.HikariDataSource       : HikariPool-1 - Starting...
2025-03-23T17:51:19.750+04:00  INFO 7012 --- [s02-04-uam-service] [main] com.zaxxer.hikari.pool.HikariPool        : HikariPool-1 - Added connection com.mysql.cj.jdbc.ConnectionImpl@b5390
2025-03-23T17:51:19.751+04:00  INFO 7012 --- [s02-04-uam-service] [main] com.zaxxer.hikari.HikariDataSource       : HikariPool-1 - Start completed.
2025-03-23T17:51:19.827+04:00  INFO 7012 --- [s02-04-uam-service] [main] org.hibernate.orm.connections.pooling    : HHH10001005: Database info:
	Database JDBC URL [Connecting through datasource 'HikariDataSource (HikariPool-1)']
	Database driver: undefined/unknown
	Database version: 8.0.41
	Autocommit mode: undefined/unknown
	Isolation level: undefined/unknown
	Minimum pool size: undefined/unknown
	Maximum pool size: undefined/unknown
2025-03-23T17:51:20.878+04:00  INFO 7012 --- [s02-04-uam-service] [main] o.h.e.t.j.p.i.JtaPlatformInitiator       : HHH000489: No JTA platform available (set 'hibernate.transaction.jta.platform' to enable JTA platform integration)
2025-03-23T17:51:20.880+04:00  INFO 7012 --- [s02-04-uam-service] [main] j.LocalContainerEntityManagerFactoryBean : Initialized JPA EntityManagerFactory for persistence unit 'default'
2025-03-23T17:51:21.011+04:00 DEBUG 7012 --- [s02-04-uam-service] [main] o.h.stat.internal.StatisticsInitiator    : Statistics initialized [enabled=false]
2025-03-23T17:51:21.467+04:00  WARN 7012 --- [s02-04-uam-service] [main] JpaBaseConfiguration$JpaWebConfiguration : spring.jpa.open-in-view is enabled by default. Therefore, database queries may be performed during view rendering. Explicitly configure spring.jpa.open-in-view to disable this warning
2025-03-23T17:51:21.922+04:00  INFO 7012 --- [s02-04-uam-service] [main] o.s.b.a.h2.H2ConsoleAutoConfiguration    : H2 console available at '/h2-console'. Database available at 'jdbc:mysql://rammbp.local:3306/uamdb'
2025-03-23T17:51:21.987+04:00  INFO 7012 --- [s02-04-uam-service] [main] c.c.s.S0204UAMServiceTests               : Started S0204UAMServiceTests in 5.397 seconds (process running for 6.451)
2025-03-23T17:51:22.544+04:00  INFO 7012 --- [s02-04-uam-service] [main] t.c.s.AnnotationConfigContextLoaderUtils : Could not detect default configuration classes for test class [com.cv.s04uamservice.S0204UAMServiceTests]: S0204UAMServiceTests does not declare any static, non-private, non-final, nested classes annotated with @Configuration.
2025-03-23T17:51:22.591+04:00  INFO 7012 --- [s02-04-uam-service] [SpringApplicationShutdownHook] j.LocalContainerEntityManagerFactoryBean : Closing JPA EntityManagerFactory for persistence unit 'default'
2025-03-23T17:51:22.593+04:00  INFO 7012 --- [s02-04-uam-service] [SpringApplicationShutdownHook] com.zaxxer.hikari.HikariDataSource       : HikariPool-1 - Shutdown initiated...
2025-03-23T17:51:22.607+04:00  INFO 7012 --- [s02-04-uam-service] [SpringApplicationShutdownHook] com.zaxxer.hikari.HikariDataSource       : HikariPool-1 - Shutdown completed.
2025-03-23T17:52:18.982+04:00  INFO 7060 --- [s02-04-uam-service] [main] c.c.s.S0204UAMServiceTests               : Starting S0204UAMServiceTests using Java 23.0.2 with PID 7060 (started by ram in /Users/ram/Workshop/Java/simple-services/s02-uam-service/s02-04-uam-service)
2025-03-23T17:52:18.986+04:00  INFO 7060 --- [s02-04-uam-service] [main] c.c.s.S0204UAMServiceTests               : The following 1 profile is active: "test"
2025-03-23T17:52:19.596+04:00  INFO 7060 --- [s02-04-uam-service] [main] .s.d.r.c.RepositoryConfigurationDelegate : Multiple Spring Data modules found, entering strict repository configuration mode
2025-03-23T17:52:19.597+04:00  INFO 7060 --- [s02-04-uam-service] [main] .s.d.r.c.RepositoryConfigurationDelegate : Bootstrapping Spring Data JPA repositories in DEFAULT mode.
2025-03-23T17:52:19.739+04:00  INFO 7060 --- [s02-04-uam-service] [main] .s.d.r.c.RepositoryConfigurationDelegate : Finished Spring Data repository scanning in 131 ms. Found 4 JPA repository interfaces.
2025-03-23T17:52:19.998+04:00  INFO 7060 --- [s02-04-uam-service] [main] .s.d.r.c.RepositoryConfigurationDelegate : Multiple Spring Data modules found, entering strict repository configuration mode
2025-03-23T17:52:20.000+04:00  INFO 7060 --- [s02-04-uam-service] [main] .s.d.r.c.RepositoryConfigurationDelegate : Bootstrapping Spring Data Redis repositories in DEFAULT mode.
2025-03-23T17:52:20.034+04:00  INFO 7060 --- [s02-04-uam-service] [main] .RepositoryConfigurationExtensionSupport : Spring Data Redis - Could not safely identify store assignment for repository candidate interface com.cv.s0204uamservice.repository.MenuRepository; If you want this repository to be a Redis repository, consider annotating your entities with one of these annotations: org.springframework.data.redis.core.RedisHash (preferred), or consider extending one of the following types with your repository: org.springframework.data.keyvalue.repository.KeyValueRepository
2025-03-23T17:52:20.035+04:00  INFO 7060 --- [s02-04-uam-service] [main] .RepositoryConfigurationExtensionSupport : Spring Data Redis - Could not safely identify store assignment for repository candidate interface com.cv.s0204uamservice.repository.PasswordRepository; If you want this repository to be a Redis repository, consider annotating your entities with one of these annotations: org.springframework.data.redis.core.RedisHash (preferred), or consider extending one of the following types with your repository: org.springframework.data.keyvalue.repository.KeyValueRepository
2025-03-23T17:52:20.035+04:00  INFO 7060 --- [s02-04-uam-service] [main] .RepositoryConfigurationExtensionSupport : Spring Data Redis - Could not safely identify store assignment for repository candidate interface com.cv.s0204uamservice.repository.RoleRepository; If you want this repository to be a Redis repository, consider annotating your entities with one of these annotations: org.springframework.data.redis.core.RedisHash (preferred), or consider extending one of the following types with your repository: org.springframework.data.keyvalue.repository.KeyValueRepository
2025-03-23T17:52:20.035+04:00  INFO 7060 --- [s02-04-uam-service] [main] .RepositoryConfigurationExtensionSupport : Spring Data Redis - Could not safely identify store assignment for repository candidate interface com.cv.s0204uamservice.repository.UserRepository; If you want this repository to be a Redis repository, consider annotating your entities with one of these annotations: org.springframework.data.redis.core.RedisHash (preferred), or consider extending one of the following types with your repository: org.springframework.data.keyvalue.repository.KeyValueRepository
2025-03-23T17:52:20.036+04:00  INFO 7060 --- [s02-04-uam-service] [main] .s.d.r.c.RepositoryConfigurationDelegate : Finished Spring Data repository scanning in 25 ms. Found 0 Redis repository interfaces.
2025-03-23T17:52:20.872+04:00  INFO 7060 --- [s02-04-uam-service] [main] o.hibernate.jpa.internal.util.LogHelper  : HHH000204: Processing PersistenceUnitInfo [name: default]
2025-03-23T17:52:20.932+04:00  INFO 7060 --- [s02-04-uam-service] [main] org.hibernate.Version                    : HHH000412: Hibernate ORM core version 6.6.8.Final
2025-03-23T17:52:20.965+04:00 DEBUG 7060 --- [s02-04-uam-service] [main] o.h.c.internal.RegionFactoryInitiator    : Cannot default RegionFactory based on registered strategies as `[]` RegionFactory strategies were registered
2025-03-23T17:52:20.966+04:00  INFO 7060 --- [s02-04-uam-service] [main] o.h.c.internal.RegionFactoryInitiator    : HHH000026: Second-level cache disabled
2025-03-23T17:52:21.272+04:00  INFO 7060 --- [s02-04-uam-service] [main] o.s.o.j.p.SpringPersistenceUnitInfo      : No LoadTimeWeaver setup: ignoring JPA class transformer
2025-03-23T17:52:21.316+04:00  INFO 7060 --- [s02-04-uam-service] [main] com.zaxxer.hikari.HikariDataSource       : HikariPool-1 - Starting...
2025-03-23T17:52:21.679+04:00  INFO 7060 --- [s02-04-uam-service] [main] com.zaxxer.hikari.pool.HikariPool        : HikariPool-1 - Added connection com.mysql.cj.jdbc.ConnectionImpl@32cde414
2025-03-23T17:52:21.681+04:00  INFO 7060 --- [s02-04-uam-service] [main] com.zaxxer.hikari.HikariDataSource       : HikariPool-1 - Start completed.
2025-03-23T17:52:21.777+04:00  INFO 7060 --- [s02-04-uam-service] [main] org.hibernate.orm.connections.pooling    : HHH10001005: Database info:
	Database JDBC URL [Connecting through datasource 'HikariDataSource (HikariPool-1)']
	Database driver: undefined/unknown
	Database version: 8.0.41
	Autocommit mode: undefined/unknown
	Isolation level: undefined/unknown
	Minimum pool size: undefined/unknown
	Maximum pool size: undefined/unknown
2025-03-23T17:52:22.848+04:00  INFO 7060 --- [s02-04-uam-service] [main] o.h.e.t.j.p.i.JtaPlatformInitiator       : HHH000489: No JTA platform available (set 'hibernate.transaction.jta.platform' to enable JTA platform integration)
2025-03-23T17:52:22.850+04:00  INFO 7060 --- [s02-04-uam-service] [main] j.LocalContainerEntityManagerFactoryBean : Initialized JPA EntityManagerFactory for persistence unit 'default'
2025-03-23T17:52:22.979+04:00 DEBUG 7060 --- [s02-04-uam-service] [main] o.h.stat.internal.StatisticsInitiator    : Statistics initialized [enabled=false]
2025-03-23T17:52:23.423+04:00  WARN 7060 --- [s02-04-uam-service] [main] JpaBaseConfiguration$JpaWebConfiguration : spring.jpa.open-in-view is enabled by default. Therefore, database queries may be performed during view rendering. Explicitly configure spring.jpa.open-in-view to disable this warning
2025-03-23T17:52:23.902+04:00  INFO 7060 --- [s02-04-uam-service] [main] o.s.b.a.h2.H2ConsoleAutoConfiguration    : H2 console available at '/h2-console'. Database available at 'jdbc:mysql://rammbp.local:3306/uamdb'
2025-03-23T17:52:23.983+04:00  INFO 7060 --- [s02-04-uam-service] [main] c.c.s.S0204UAMServiceTests               : Started S0204UAMServiceTests in 5.348 seconds (process running for 6.32)
2025-03-23T17:52:24.579+04:00  INFO 7060 --- [s02-04-uam-service] [SpringApplicationShutdownHook] j.LocalContainerEntityManagerFactoryBean : Closing JPA EntityManagerFactory for persistence unit 'default'
2025-03-23T17:52:24.580+04:00  INFO 7060 --- [s02-04-uam-service] [SpringApplicationShutdownHook] com.zaxxer.hikari.HikariDataSource       : HikariPool-1 - Shutdown initiated...
2025-03-23T17:52:24.589+04:00  INFO 7060 --- [s02-04-uam-service] [SpringApplicationShutdownHook] com.zaxxer.hikari.HikariDataSource       : HikariPool-1 - Shutdown completed.
2025-03-23T17:52:32.826+04:00  INFO 7071 --- [s02-04-uam-service] [main] c.c.s.S0204UAMServiceTests               : Starting S0204UAMServiceTests using Java 23.0.2 with PID 7071 (started by ram in /Users/ram/Workshop/Java/simple-services/s02-uam-service/s02-04-uam-service)
2025-03-23T17:52:32.830+04:00  INFO 7071 --- [s02-04-uam-service] [main] c.c.s.S0204UAMServiceTests               : The following 1 profile is active: "test"
2025-03-23T17:52:33.360+04:00  INFO 7071 --- [s02-04-uam-service] [main] .s.d.r.c.RepositoryConfigurationDelegate : Multiple Spring Data modules found, entering strict repository configuration mode
2025-03-23T17:52:33.360+04:00  INFO 7071 --- [s02-04-uam-service] [main] .s.d.r.c.RepositoryConfigurationDelegate : Bootstrapping Spring Data JPA repositories in DEFAULT mode.
2025-03-23T17:52:33.472+04:00  INFO 7071 --- [s02-04-uam-service] [main] .s.d.r.c.RepositoryConfigurationDelegate : Finished Spring Data repository scanning in 103 ms. Found 4 JPA repository interfaces.
2025-03-23T17:52:33.685+04:00  INFO 7071 --- [s02-04-uam-service] [main] .s.d.r.c.RepositoryConfigurationDelegate : Multiple Spring Data modules found, entering strict repository configuration mode
2025-03-23T17:52:33.687+04:00  INFO 7071 --- [s02-04-uam-service] [main] .s.d.r.c.RepositoryConfigurationDelegate : Bootstrapping Spring Data Redis repositories in DEFAULT mode.
2025-03-23T17:52:33.721+04:00  INFO 7071 --- [s02-04-uam-service] [main] .RepositoryConfigurationExtensionSupport : Spring Data Redis - Could not safely identify store assignment for repository candidate interface com.cv.s0204uamservice.repository.MenuRepository; If you want this repository to be a Redis repository, consider annotating your entities with one of these annotations: org.springframework.data.redis.core.RedisHash (preferred), or consider extending one of the following types with your repository: org.springframework.data.keyvalue.repository.KeyValueRepository
2025-03-23T17:52:33.722+04:00  INFO 7071 --- [s02-04-uam-service] [main] .RepositoryConfigurationExtensionSupport : Spring Data Redis - Could not safely identify store assignment for repository candidate interface com.cv.s0204uamservice.repository.PasswordRepository; If you want this repository to be a Redis repository, consider annotating your entities with one of these annotations: org.springframework.data.redis.core.RedisHash (preferred), or consider extending one of the following types with your repository: org.springframework.data.keyvalue.repository.KeyValueRepository
2025-03-23T17:52:33.722+04:00  INFO 7071 --- [s02-04-uam-service] [main] .RepositoryConfigurationExtensionSupport : Spring Data Redis - Could not safely identify store assignment for repository candidate interface com.cv.s0204uamservice.repository.RoleRepository; If you want this repository to be a Redis repository, consider annotating your entities with one of these annotations: org.springframework.data.redis.core.RedisHash (preferred), or consider extending one of the following types with your repository: org.springframework.data.keyvalue.repository.KeyValueRepository
2025-03-23T17:52:33.723+04:00  INFO 7071 --- [s02-04-uam-service] [main] .RepositoryConfigurationExtensionSupport : Spring Data Redis - Could not safely identify store assignment for repository candidate interface com.cv.s0204uamservice.repository.UserRepository; If you want this repository to be a Redis repository, consider annotating your entities with one of these annotations: org.springframework.data.redis.core.RedisHash (preferred), or consider extending one of the following types with your repository: org.springframework.data.keyvalue.repository.KeyValueRepository
2025-03-23T17:52:33.723+04:00  INFO 7071 --- [s02-04-uam-service] [main] .s.d.r.c.RepositoryConfigurationDelegate : Finished Spring Data repository scanning in 23 ms. Found 0 Redis repository interfaces.
2025-03-23T17:52:34.567+04:00  INFO 7071 --- [s02-04-uam-service] [main] o.hibernate.jpa.internal.util.LogHelper  : HHH000204: Processing PersistenceUnitInfo [name: default]
2025-03-23T17:52:34.623+04:00  INFO 7071 --- [s02-04-uam-service] [main] org.hibernate.Version                    : HHH000412: Hibernate ORM core version 6.6.8.Final
2025-03-23T17:52:34.657+04:00 DEBUG 7071 --- [s02-04-uam-service] [main] o.h.c.internal.RegionFactoryInitiator    : Cannot default RegionFactory based on registered strategies as `[]` RegionFactory strategies were registered
2025-03-23T17:52:34.658+04:00  INFO 7071 --- [s02-04-uam-service] [main] o.h.c.internal.RegionFactoryInitiator    : HHH000026: Second-level cache disabled
2025-03-23T17:52:34.985+04:00  INFO 7071 --- [s02-04-uam-service] [main] o.s.o.j.p.SpringPersistenceUnitInfo      : No LoadTimeWeaver setup: ignoring JPA class transformer
2025-03-23T17:52:35.030+04:00  INFO 7071 --- [s02-04-uam-service] [main] com.zaxxer.hikari.HikariDataSource       : HikariPool-1 - Starting...
2025-03-23T17:52:35.433+04:00  INFO 7071 --- [s02-04-uam-service] [main] com.zaxxer.hikari.pool.HikariPool        : HikariPool-1 - Added connection com.mysql.cj.jdbc.ConnectionImpl@77f04d1a
2025-03-23T17:52:35.435+04:00  INFO 7071 --- [s02-04-uam-service] [main] com.zaxxer.hikari.HikariDataSource       : HikariPool-1 - Start completed.
2025-03-23T17:52:35.527+04:00  INFO 7071 --- [s02-04-uam-service] [main] org.hibernate.orm.connections.pooling    : HHH10001005: Database info:
	Database JDBC URL [Connecting through datasource 'HikariDataSource (HikariPool-1)']
	Database driver: undefined/unknown
	Database version: 8.0.41
	Autocommit mode: undefined/unknown
	Isolation level: undefined/unknown
	Minimum pool size: undefined/unknown
	Maximum pool size: undefined/unknown
2025-03-23T17:52:36.607+04:00  INFO 7071 --- [s02-04-uam-service] [main] o.h.e.t.j.p.i.JtaPlatformInitiator       : HHH000489: No JTA platform available (set 'hibernate.transaction.jta.platform' to enable JTA platform integration)
2025-03-23T17:52:36.609+04:00  INFO 7071 --- [s02-04-uam-service] [main] j.LocalContainerEntityManagerFactoryBean : Initialized JPA EntityManagerFactory for persistence unit 'default'
2025-03-23T17:52:36.738+04:00 DEBUG 7071 --- [s02-04-uam-service] [main] o.h.stat.internal.StatisticsInitiator    : Statistics initialized [enabled=false]
2025-03-23T17:52:37.195+04:00  WARN 7071 --- [s02-04-uam-service] [main] JpaBaseConfiguration$JpaWebConfiguration : spring.jpa.open-in-view is enabled by default. Therefore, database queries may be performed during view rendering. Explicitly configure spring.jpa.open-in-view to disable this warning
2025-03-23T17:52:37.702+04:00  INFO 7071 --- [s02-04-uam-service] [main] o.s.b.a.h2.H2ConsoleAutoConfiguration    : H2 console available at '/h2-console'. Database available at 'jdbc:mysql://rammbp.local:3306/uamdb'
2025-03-23T17:52:37.781+04:00  INFO 7071 --- [s02-04-uam-service] [main] c.c.s.S0204UAMServiceTests               : Started S0204UAMServiceTests in 5.315 seconds (process running for 6.264)
2025-03-23T17:52:38.409+04:00  INFO 7071 --- [s02-04-uam-service] [SpringApplicationShutdownHook] j.LocalContainerEntityManagerFactoryBean : Closing JPA EntityManagerFactory for persistence unit 'default'
2025-03-23T17:52:38.411+04:00  INFO 7071 --- [s02-04-uam-service] [SpringApplicationShutdownHook] com.zaxxer.hikari.HikariDataSource       : HikariPool-1 - Shutdown initiated...
2025-03-23T17:52:38.424+04:00  INFO 7071 --- [s02-04-uam-service] [SpringApplicationShutdownHook] com.zaxxer.hikari.HikariDataSource       : HikariPool-1 - Shutdown completed.
2025-03-23T17:54:16.603+04:00  INFO 7145 --- [s02-04-uam-service] [main] c.c.s.S0204UAMServiceTests               : Starting S0204UAMServiceTests using Java 23.0.2 with PID 7145 (started by ram in /Users/ram/Workshop/Java/simple-services/s02-uam-service/s02-04-uam-service)
2025-03-23T17:54:16.607+04:00  INFO 7145 --- [s02-04-uam-service] [main] c.c.s.S0204UAMServiceTests               : The following 1 profile is active: "test"
2025-03-23T17:54:17.320+04:00  INFO 7145 --- [s02-04-uam-service] [main] .s.d.r.c.RepositoryConfigurationDelegate : Multiple Spring Data modules found, entering strict repository configuration mode
2025-03-23T17:54:17.320+04:00  INFO 7145 --- [s02-04-uam-service] [main] .s.d.r.c.RepositoryConfigurationDelegate : Bootstrapping Spring Data JPA repositories in DEFAULT mode.
2025-03-23T17:54:17.467+04:00  INFO 7145 --- [s02-04-uam-service] [main] .s.d.r.c.RepositoryConfigurationDelegate : Finished Spring Data repository scanning in 137 ms. Found 4 JPA repository interfaces.
2025-03-23T17:54:17.717+04:00  INFO 7145 --- [s02-04-uam-service] [main] .s.d.r.c.RepositoryConfigurationDelegate : Multiple Spring Data modules found, entering strict repository configuration mode
2025-03-23T17:54:17.719+04:00  INFO 7145 --- [s02-04-uam-service] [main] .s.d.r.c.RepositoryConfigurationDelegate : Bootstrapping Spring Data Redis repositories in DEFAULT mode.
2025-03-23T17:54:17.754+04:00  INFO 7145 --- [s02-04-uam-service] [main] .RepositoryConfigurationExtensionSupport : Spring Data Redis - Could not safely identify store assignment for repository candidate interface com.cv.s0204uamservice.repository.MenuRepository; If you want this repository to be a Redis repository, consider annotating your entities with one of these annotations: org.springframework.data.redis.core.RedisHash (preferred), or consider extending one of the following types with your repository: org.springframework.data.keyvalue.repository.KeyValueRepository
2025-03-23T17:54:17.755+04:00  INFO 7145 --- [s02-04-uam-service] [main] .RepositoryConfigurationExtensionSupport : Spring Data Redis - Could not safely identify store assignment for repository candidate interface com.cv.s0204uamservice.repository.PasswordRepository; If you want this repository to be a Redis repository, consider annotating your entities with one of these annotations: org.springframework.data.redis.core.RedisHash (preferred), or consider extending one of the following types with your repository: org.springframework.data.keyvalue.repository.KeyValueRepository
2025-03-23T17:54:17.755+04:00  INFO 7145 --- [s02-04-uam-service] [main] .RepositoryConfigurationExtensionSupport : Spring Data Redis - Could not safely identify store assignment for repository candidate interface com.cv.s0204uamservice.repository.RoleRepository; If you want this repository to be a Redis repository, consider annotating your entities with one of these annotations: org.springframework.data.redis.core.RedisHash (preferred), or consider extending one of the following types with your repository: org.springframework.data.keyvalue.repository.KeyValueRepository
2025-03-23T17:54:17.755+04:00  INFO 7145 --- [s02-04-uam-service] [main] .RepositoryConfigurationExtensionSupport : Spring Data Redis - Could not safely identify store assignment for repository candidate interface com.cv.s0204uamservice.repository.UserRepository; If you want this repository to be a Redis repository, consider annotating your entities with one of these annotations: org.springframework.data.redis.core.RedisHash (preferred), or consider extending one of the following types with your repository: org.springframework.data.keyvalue.repository.KeyValueRepository
2025-03-23T17:54:17.756+04:00  INFO 7145 --- [s02-04-uam-service] [main] .s.d.r.c.RepositoryConfigurationDelegate : Finished Spring Data repository scanning in 25 ms. Found 0 Redis repository interfaces.
2025-03-23T17:54:18.615+04:00  INFO 7145 --- [s02-04-uam-service] [main] o.hibernate.jpa.internal.util.LogHelper  : HHH000204: Processing PersistenceUnitInfo [name: default]
2025-03-23T17:54:18.675+04:00  INFO 7145 --- [s02-04-uam-service] [main] org.hibernate.Version                    : HHH000412: Hibernate ORM core version 6.6.8.Final
2025-03-23T17:54:18.710+04:00 DEBUG 7145 --- [s02-04-uam-service] [main] o.h.c.internal.RegionFactoryInitiator    : Cannot default RegionFactory based on registered strategies as `[]` RegionFactory strategies were registered
2025-03-23T17:54:18.711+04:00  INFO 7145 --- [s02-04-uam-service] [main] o.h.c.internal.RegionFactoryInitiator    : HHH000026: Second-level cache disabled
2025-03-23T17:54:19.042+04:00  INFO 7145 --- [s02-04-uam-service] [main] o.s.o.j.p.SpringPersistenceUnitInfo      : No LoadTimeWeaver setup: ignoring JPA class transformer
2025-03-23T17:54:19.088+04:00  INFO 7145 --- [s02-04-uam-service] [main] com.zaxxer.hikari.HikariDataSource       : HikariPool-1 - Starting...
2025-03-23T17:54:19.475+04:00  INFO 7145 --- [s02-04-uam-service] [main] com.zaxxer.hikari.pool.HikariPool        : HikariPool-1 - Added connection com.mysql.cj.jdbc.ConnectionImpl@576b385d
2025-03-23T17:54:19.477+04:00  INFO 7145 --- [s02-04-uam-service] [main] com.zaxxer.hikari.HikariDataSource       : HikariPool-1 - Start completed.
2025-03-23T17:54:19.554+04:00  INFO 7145 --- [s02-04-uam-service] [main] org.hibernate.orm.connections.pooling    : HHH10001005: Database info:
	Database JDBC URL [Connecting through datasource 'HikariDataSource (HikariPool-1)']
	Database driver: undefined/unknown
	Database version: 8.0.41
	Autocommit mode: undefined/unknown
	Isolation level: undefined/unknown
	Minimum pool size: undefined/unknown
	Maximum pool size: undefined/unknown
2025-03-23T17:54:20.656+04:00  INFO 7145 --- [s02-04-uam-service] [main] o.h.e.t.j.p.i.JtaPlatformInitiator       : HHH000489: No JTA platform available (set 'hibernate.transaction.jta.platform' to enable JTA platform integration)
2025-03-23T17:54:20.659+04:00  INFO 7145 --- [s02-04-uam-service] [main] j.LocalContainerEntityManagerFactoryBean : Initialized JPA EntityManagerFactory for persistence unit 'default'
2025-03-23T17:54:20.803+04:00 DEBUG 7145 --- [s02-04-uam-service] [main] o.h.stat.internal.StatisticsInitiator    : Statistics initialized [enabled=false]
2025-03-23T17:54:21.296+04:00  WARN 7145 --- [s02-04-uam-service] [main] JpaBaseConfiguration$JpaWebConfiguration : spring.jpa.open-in-view is enabled by default. Therefore, database queries may be performed during view rendering. Explicitly configure spring.jpa.open-in-view to disable this warning
2025-03-23T17:54:21.820+04:00  INFO 7145 --- [s02-04-uam-service] [main] o.s.b.a.h2.H2ConsoleAutoConfiguration    : H2 console available at '/h2-console'. Database available at 'jdbc:mysql://rammbp.local:3306/uamdb'
2025-03-23T17:54:21.890+04:00  INFO 7145 --- [s02-04-uam-service] [main] c.c.s.S0204UAMServiceTests               : Started S0204UAMServiceTests in 5.663 seconds (process running for 6.686)
2025-03-23T17:54:22.532+04:00  INFO 7145 --- [s02-04-uam-service] [SpringApplicationShutdownHook] j.LocalContainerEntityManagerFactoryBean : Closing JPA EntityManagerFactory for persistence unit 'default'
2025-03-23T17:54:22.535+04:00  INFO 7145 --- [s02-04-uam-service] [SpringApplicationShutdownHook] com.zaxxer.hikari.HikariDataSource       : HikariPool-1 - Shutdown initiated...
2025-03-23T17:54:22.548+04:00  INFO 7145 --- [s02-04-uam-service] [SpringApplicationShutdownHook] com.zaxxer.hikari.HikariDataSource       : HikariPool-1 - Shutdown completed.
